# JRE version: OpenJDK Runtime Environment 18.9 (11.0.13+8) (build 11.0.13+8)
# Java VM: OpenJDK 64-Bit Server VM 18.9 (11.0.13+8, mixed mode, sharing, tiered, compressed oops, g1 gc, linux-amd64)
Heap:
 garbage-first heap   total 264192K, used 135557K [0x00000000e0000000, 0x0000000100000000)
  region size 1024K, 6 young (6144K), 4 survivors (4096K)
 Metaspace       used 87386K, capacity 89930K, committed 90188K, reserved 331776K
  class space    used 11326K, capacity 12246K, committed 12364K, reserved 253952K
GC Heap History (20 events):
Event: 170.261 GC heap before
{Heap before GC invocations=11 (full 0):
 garbage-first heap   total 264192K, used 169925K [0x00000000e0000000, 0x0000000100000000)
  region size 1024K, 138 young (141312K), 12 survivors (12288K)
 Metaspace       used 55446K, capacity 56920K, committed 57036K, reserved 305152K
  class space    used 7112K, capacity 7621K, committed 7628K, reserved 253952K
}
Event: 170.304 GC heap after
{Heap after GC invocations=12 (full 0):
 garbage-first heap   total 264192K, used 50534K [0x00000000e0000000, 0x0000000100000000)
  region size 1024K, 18 young (18432K), 18 survivors (18432K)
 Metaspace       used 55446K, capacity 56920K, committed 57036K, reserved 305152K
  class space    used 7112K, capacity 7621K, committed 7628K, reserved 253952K
}
Event: 178.567 GC heap before
{Heap before GC invocations=12 (full 0):
 garbage-first heap   total 264192K, used 101734K [0x00000000e0000000, 0x0000000100000000)
  region size 1024K, 69 young (70656K), 18 survivors (18432K)
 Metaspace       used 58517K, capacity 60143K, committed 60288K, reserved 307200K
  class space    used 7534K, capacity 8102K, committed 8140K, reserved 253952K
}
Event: 178.594 GC heap after
{Heap after GC invocations=13 (full 0):
 garbage-first heap   total 264192K, used 54655K [0x00000000e0000000, 0x0000000100000000)
  region size 1024K, 13 young (13312K), 13 survivors (13312K)
 Metaspace       used 58517K, capacity 60143K, committed 60288K, reserved 307200K
  class space    used 7534K, capacity 8102K, committed 8140K, reserved 253952K
}
Event: 181.218 GC heap before
{Heap before GC invocations=14 (full 0):
 garbage-first heap   total 264192K, used 173439K [0x00000000e0000000, 0x0000000100000000)
  region size 1024K, 126 young (129024K), 13 survivors (13312K)
 Metaspace       used 64299K, capacity 66242K, committed 66508K, reserved 311296K
  class space    used 8455K, capacity 9117K, committed 9164K, reserved 253952K
}
Event: 181.249 GC heap after
{Heap after GC invocations=15 (full 0):
 garbage-first heap   total 264192K, used 69587K [0x00000000e0000000, 0x0000000100000000)
  region size 1024K, 16 young (16384K), 16 survivors (16384K)
 Metaspace       used 64299K, capacity 66242K, committed 66508K, reserved 311296K
  class space    used 8455K, capacity 9117K, committed 9164K, reserved 253952K
}
Event: 184.827 GC heap before
{Heap before GC invocations=15 (full 0):
 garbage-first heap   total 264192K, used 180179K [0x00000000e0000000, 0x0000000100000000)
  region size 1024K, 124 young (126976K), 16 survivors (16384K)
 Metaspace       used 74032K, capacity 76340K, committed 76364K, reserved 321536K
  class space    used 9743K, capacity 10559K, committed 10572K, reserved 253952K
}
Event: 184.866 GC heap after
{Heap after GC invocations=16 (full 0):
 garbage-first heap   total 264192K, used 79048K [0x00000000e0000000, 0x0000000100000000)
  region size 1024K, 10 young (10240K), 10 survivors (10240K)
 Metaspace       used 74032K, capacity 76340K, committed 76364K, reserved 321536K
  class space    used 9743K, capacity 10559K, committed 10572K, reserved 253952K
}
Event: 191.570 GC heap before
{Heap before GC invocations=16 (full 0):
 garbage-first heap   total 264192K, used 186568K [0x00000000e0000000, 0x0000000100000000)
  region size 1024K, 116 young (118784K), 10 survivors (10240K)
 Metaspace       used 83186K, capacity 85678K, committed 85836K, reserved 329728K
  class space    used 10875K, capacity 11741K, committed 11852K, reserved 253952K
}
Event: 191.603 GC heap after
{Heap after GC invocations=17 (full 0):
 garbage-first heap   total 264192K, used 88230K [0x00000000e0000000, 0x0000000100000000)
  region size 1024K, 9 young (9216K), 9 survivors (9216K)
 Metaspace       used 83186K, capacity 85678K, committed 85836K, reserved 329728K
  class space    used 10875K, capacity 11741K, committed 11852K, reserved 253952K
}
Event: 195.503 GC heap before
{Heap before GC invocations=17 (full 0):
 garbage-first heap   total 264192K, used 193702K [0x00000000e0000000, 0x0000000100000000)
  region size 1024K, 113 young (115712K), 9 survivors (9216K)
 Metaspace       used 86764K, capacity 89389K, committed 89548K, reserved 331776K
  class space    used 11261K, capacity 12201K, committed 12236K, reserved 253952K
}
Event: 195.541 GC heap after
{Heap after GC invocations=18 (full 0):
 garbage-first heap   total 264192K, used 96289K [0x00000000e0000000, 0x0000000100000000)
  region size 1024K, 8 young (8192K), 8 survivors (8192K)
 Metaspace       used 86764K, capacity 89389K, committed 89548K, reserved 331776K
  class space    used 11261K, capacity 12201K, committed 12236K, reserved 253952K
}
Event: 267.929 GC heap before
{Heap before GC invocations=18 (full 0):
 garbage-first heap   total 264192K, used 199713K [0x00000000e0000000, 0x0000000100000000)
  region size 1024K, 110 young (112640K), 8 survivors (8192K)
 Metaspace       used 87200K, capacity 89763K, committed 89804K, reserved 331776K
  class space    used 11305K, capacity 12213K, committed 12236K, reserved 253952K
}
Event: 268.083 GC heap after
{Heap after GC invocations=19 (full 0):
 garbage-first heap   total 264192K, used 102576K [0x00000000e0000000, 0x0000000100000000)
  region size 1024K, 14 young (14336K), 14 survivors (14336K)
 Metaspace       used 87200K, capacity 89763K, committed 89804K, reserved 331776K
  class space    used 11305K, capacity 12213K, committed 12236K, reserved 253952K
}
Event: 331.848 GC heap before
{Heap before GC invocations=19 (full 0):
 garbage-first heap   total 264192K, used 204976K [0x00000000e0000000, 0x0000000100000000)
  region size 1024K, 114 young (116736K), 14 survivors (14336K)
 Metaspace       used 87211K, capacity 89764K, committed 89804K, reserved 331776K
  class space    used 11305K, capacity 12213K, committed 12236K, reserved 253952K
}
Event: 331.875 GC heap after
{Heap after GC invocations=20 (full 0):
 garbage-first heap   total 264192K, used 110090K [0x00000000e0000000, 0x0000000100000000)
  region size 1024K, 15 young (15360K), 15 survivors (15360K)
 Metaspace       used 87211K, capacity 89764K, committed 89804K, reserved 331776K
  class space    used 11305K, capacity 12213K, committed 12236K, reserved 253952K
}
Event: 396.461 GC heap before
{Heap before GC invocations=20 (full 0):
 garbage-first heap   total 264192K, used 207370K [0x00000000e0000000, 0x0000000100000000)
  region size 1024K, 110 young (112640K), 15 survivors (15360K)
 Metaspace       used 87219K, capacity 89764K, committed 89804K, reserved 331776K
  class space    used 11305K, capacity 12213K, committed 12236K, reserved 253952K
}
Event: 396.494 GC heap after
{Heap after GC invocations=21 (full 0):
 garbage-first heap   total 264192K, used 118239K [0x00000000e0000000, 0x0000000100000000)
  region size 1024K, 9 young (9216K), 9 survivors (9216K)
 Metaspace       used 87219K, capacity 89764K, committed 89804K, reserved 331776K
  class space    used 11305K, capacity 12213K, committed 12236K, reserved 253952K
}
Event: 495.468 GC heap before
{Heap before GC invocations=21 (full 0):
 garbage-first heap   total 264192K, used 153055K [0x00000000e0000000, 0x0000000100000000)
  region size 1024K, 37 young (37888K), 9 survivors (9216K)
 Metaspace       used 87372K, capacity 89927K, committed 90188K, reserved 331776K
  class space    used 11323K, capacity 12245K, committed 12364K, reserved 253952K
}
Event: 495.504 GC heap after
{Heap after GC invocations=22 (full 0):
 garbage-first heap   total 264192K, used 129413K [0x00000000e0000000, 0x0000000100000000)
  region size 1024K, 4 young (4096K), 4 survivors (4096K)
 Metaspace       used 87372K, capacity 89927K, committed 90188K, reserved 331776K
  class space    used 11323K, capacity 12245K, committed 12364K, reserved 253952K
}

